# JRE version: Java(TM) SE Runtime Environment (8.0_05-b13) (build 1.8.0_05-b13)
# Java VM: Java HotSpot(TM) 64-Bit Server VM (25.5-b02 mixed mode windows-amd64 compressed oops)
Heap:
 PSYoungGen      total 29696K, used 21773K [0x000000076ac00000, 0x000000076d680000, 0x00000007c0000000)
  eden space 28160K, 77% used [0x000000076ac00000,0x000000076c1436e0,0x000000076c780000)
  from space 1536K, 0% used [0x000000076c780000,0x000000076c780000,0x000000076c900000)
  to   space 2048K, 0% used [0x000000076d480000,0x000000076d480000,0x000000076d680000)
 ParOldGen       total 9728K, used 7385K [0x00000006c0400000, 0x00000006c0d80000, 0x000000076ac00000)
  object space 9728K, 75% used [0x00000006c0400000,0x00000006c0b36710,0x00000006c0d80000)
 Metaspace       used 22843K, capacity 23920K, committed 24064K, reserved 1071104K
  class space    used 2669K, capacity 3060K, committed 3072K, reserved 1048576K
GC Heap History (10 events):
Event: 1.305 GC heap before
{Heap before GC invocations=14 (full 0):
 PSYoungGen      total 12288K, used 11584K [0x000000076ac00000, 0x000000076c000000, 0x00000007c0000000)
  eden space 10752K, 100% used [0x000000076ac00000,0x000000076b680000,0x000000076b680000)
  from space 1536K, 54% used [0x000000076b680000,0x000000076b750000,0x000000076b800000)
  to   space 1536K, 0% used [0x000000076be80000,0x000000076be80000,0x000000076c000000)
 ParOldGen       total 260608K, used 5263K [0x00000006c0400000, 0x00000006d0280000, 0x000000076ac00000)
  object space 260608K, 2% used [0x00000006c0400000,0x00000006c0923d60,0x00000006d0280000)
 Metaspace       used 15779K, capacity 15948K, committed 16256K, reserved 1062912K
  class space    used 1748K, capacity 1830K, committed 1920K, reserved 1048576K
Event: 1.307 GC heap after
Heap after GC invocations=14 (full 0):
 PSYoungGen      total 18944K, used 672K [0x000000076ac00000, 0x000000076c000000, 0x00000007c0000000)
  eden space 17408K, 0% used [0x000000076ac00000,0x000000076ac00000,0x000000076bd00000)
  from space 1536K, 43% used [0x000000076be80000,0x000000076bf28000,0x000000076c000000)
  to   space 1536K, 0% used [0x000000076bd00000,0x000000076bd00000,0x000000076be80000)
 ParOldGen       total 260608K, used 5951K [0x00000006c0400000, 0x00000006d0280000, 0x000000076ac00000)
  object space 260608K, 2% used [0x00000006c0400000,0x00000006c09cfd80,0x00000006d0280000)
 Metaspace       used 15779K, capacity 15948K, committed 16256K, reserved 1062912K
  class space    used 1748K, capacity 1830K, committed 1920K, reserved 1048576K
}
Event: 1.417 GC heap before
{Heap before GC invocations=15 (full 0):
 PSYoungGen      total 18944K, used 18080K [0x000000076ac00000, 0x000000076c000000, 0x00000007c0000000)
  eden space 17408K, 100% used [0x000000076ac00000,0x000000076bd00000,0x000000076bd00000)
  from space 1536K, 43% used [0x000000076be80000,0x000000076bf28000,0x000000076c000000)
  to   space 1536K, 0% used [0x000000076bd00000,0x000000076bd00000,0x000000076be80000)
 ParOldGen       total 260608K, used 5951K [0x00000006c0400000, 0x00000006d0280000, 0x000000076ac00000)
  object space 260608K, 2% used [0x00000006c0400000,0x00000006c09cfd80,0x00000006d0280000)
 Metaspace       used 15833K, capacity 16082K, committed 16256K, reserved 1062912K
  class space    used 1751K, capacity 1832K, committed 1920K, reserved 1048576K
Event: 1.418 GC heap after
Heap after GC invocations=15 (full 0):
 PSYoungGen      total 18944K, used 576K [0x000000076ac00000, 0x000000076ca80000, 0x00000007c0000000)
  eden space 17408K, 0% used [0x000000076ac00000,0x000000076ac00000,0x000000076bd00000)
  from space 1536K, 37% used [0x000000076bd00000,0x000000076bd90000,0x000000076be80000)
  to   space 1536K, 0% used [0x000000076c900000,0x000000076c900000,0x000000076ca80000)
 ParOldGen       total 260608K, used 6452K [0x00000006c0400000, 0x00000006d0280000, 0x000000076ac00000)
  object space 260608K, 2% used [0x00000006c0400000,0x00000006c0a4d140,0x00000006d0280000)
 Metaspace       used 15833K, capacity 16082K, committed 16256K, reserved 1062912K
  class space    used 1751K, capacity 1832K, committed 1920K, reserved 1048576K
}
Event: 1.613 GC heap before
{Heap before GC invocations=16 (full 0):
 PSYoungGen      total 18944K, used 17984K [0x000000076ac00000, 0x000000076ca80000, 0x00000007c0000000)
  eden space 17408K, 100% used [0x000000076ac00000,0x000000076bd00000,0x000000076bd00000)
  from space 1536K, 37% used [0x000000076bd00000,0x000000076bd90000,0x000000076be80000)
  to   space 1536K, 0% used [0x000000076c900000,0x000000076c900000,0x000000076ca80000)
 ParOldGen       total 260608K, used 6452K [0x00000006c0400000, 0x00000006d0280000, 0x000000076ac00000)
  object space 260608K, 2% used [0x00000006c0400000,0x00000006c0a4d140,0x00000006d0280000)
 Metaspace       used 16244K, capacity 16494K, committed 16768K, reserved 1064960K
  class space    used 1791K, capacity 1875K, committed 1920K, reserved 1048576K
Event: 1.615 GC heap after
Heap after GC invocations=16 (full 0):
 PSYoungGen      total 29696K, used 797K [0x000000076ac00000, 0x000000076ca80000, 0x00000007c0000000)
  eden space 28160K, 0% used [0x000000076ac00000,0x000000076ac00000,0x000000076c780000)
  from space 1536K, 51% used [0x000000076c900000,0x000000076c9c7400,0x000000076ca80000)
  to   space 1536K, 0% used [0x000000076c780000,0x000000076c780000,0x000000076c900000)
 ParOldGen       total 260608K, used 6904K [0x00000006c0400000, 0x00000006d0280000, 0x000000076ac00000)
  object space 260608K, 2% used [0x00000006c0400000,0x00000006c0abe160,0x00000006d0280000)
 Metaspace       used 16244K, capacity 16494K, committed 16768K, reserved 1064960K
  class space    used 1791K, capacity 1875K, committed 1920K, reserved 1048576K
}
Event: 1.886 GC heap before
{Heap before GC invocations=17 (full 0):
 PSYoungGen      total 29696K, used 21113K [0x000000076ac00000, 0x000000076ca80000, 0x00000007c0000000)
  eden space 28160K, 72% used [0x000000076ac00000,0x000000076bfd7370,0x000000076c780000)
  from space 1536K, 51% used [0x000000076c900000,0x000000076c9c7400,0x000000076ca80000)
  to   space 1536K, 0% used [0x000000076c780000,0x000000076c780000,0x000000076c900000)
 ParOldGen       total 260608K, used 6904K [0x00000006c0400000, 0x00000006d0280000, 0x000000076ac00000)
  object space 260608K, 2% used [0x00000006c0400000,0x00000006c0abe160,0x00000006d0280000)
 Metaspace       used 20354K, capacity 21138K, committed 21296K, reserved 1069056K
  class space    used 2294K, capacity 2628K, committed 2688K, reserved 1048576K
Event: 1.889 GC heap after
Heap after GC invocations=17 (full 0):
 PSYoungGen      total 29696K, used 1504K [0x000000076ac00000, 0x000000076d680000, 0x00000007c0000000)
  eden space 28160K, 0% used [0x000000076ac00000,0x000000076ac00000,0x000000076c780000)
  from space 1536K, 97% used [0x000000076c780000,0x000000076c8f8130,0x000000076c900000)
  to   space 2048K, 0% used [0x000000076d480000,0x000000076d480000,0x000000076d680000)
 ParOldGen       total 260608K, used 7905K [0x00000006c0400000, 0x00000006d0280000, 0x000000076ac00000)
  object space 260608K, 3% used [0x00000006c0400000,0x00000006c0bb8608,0x00000006d0280000)
 Metaspace       used 20354K, capacity 21138K, committed 21296K, reserved 1069056K
  class space    used 2294K, capacity 2628K, committed 2688K, reserved 1048576K
}
Event: 1.889 GC heap before
{Heap before GC invocations=18 (full 1):
 PSYoungGen      total 29696K, used 1504K [0x000000076ac00000, 0x000000076d680000, 0x00000007c0000000)
  eden space 28160K, 0% used [0x000000076ac00000,0x000000076ac00000,0x000000076c780000)
  from space 1536K, 97% used [0x000000076c780000,0x000000076c8f8130,0x000000076c900000)
  to   space 2048K, 0% used [0x000000076d480000,0x000000076d480000,0x000000076d680000)
 ParOldGen       total 260608K, used 7905K [0x00000006c0400000, 0x00000006d0280000, 0x000000076ac00000)
  object space 260608K, 3% used [0x00000006c0400000,0x00000006c0bb8608,0x00000006d0280000)
 Metaspace       used 20354K, capacity 21138K, committed 21296K, reserved 1069056K
  class space    used 2294K, capacity 2628K, committed 2688K, reserved 1048576K
Event: 1.936 GC heap after
Heap after GC invocations=18 (full 1):
 PSYoungGen      total 29696K, used 0K [0x000000076ac00000, 0x000000076d680000, 0x00000007c0000000)
  eden space 28160K, 0% used [0x000000076ac00000,0x000000076ac00000,0x000000076c780000)
  from space 1536K, 0% used [0x000000076c780000,0x000000076c780000,0x000000076c900000)
  to   space 2048K, 0% used [0x000000076d480000,0x000000076d480000,0x000000076d680000)
 ParOldGen       total 9728K, used 7385K [0x00000006c0400000, 0x00000006c0d80000, 0x000000076ac00000)
  object space 9728K, 75% used [0x00000006c0400000,0x00000006c0b36710,0x00000006c0d80000)
 Metaspace       used 20354K, capacity 21138K, committed 21296K, reserved 1069056K
  class space    used 2294K, capacity 2628K, committed 2688K, reserved 1048576K
}

